<?xml version="1.0" encoding="UTF-8"?>
<!-- Generated by org.testng.reporters.JUnitReportReporter -->
<testsuite hostname="ip-172-31-64-30" name="test.LoginTest" tests="1" failures="0" timestamp="11 Jul 2021 17:24:59 GMT" time="6.793" errors="0">
  <testcase name="Testcase1" time="6.793" classname="test.LoginTest"/>
</testsuite> <!-- test.LoginTest -->
