<?xml version="1.0" encoding="UTF-8"?>
<!-- Generated by org.testng.reporters.JUnitReportReporter -->
<testsuite skipped="0" hostname="ip-172-31-64-30" name="testNGExamples.Testcase2" tests="1" failures="0" timestamp="2021-07-11T15:06:02 UTC" time="0.005" errors="0">
  <testcase name="InsuranceTest" time="0.005" classname="testNGExamples.Testcase2"/>
  <system-out/>
</testsuite> <!-- testNGExamples.Testcase2 -->
