<?xml version="1.0" encoding="UTF-8"?>
<!-- Generated by org.testng.reporters.JUnitReportReporter -->
<testsuite skipped="0" hostname="ip-172-31-64-30" name="testNGExamples.Testcase1" tests="3" failures="0" timestamp="2021-07-11T15:16:47 UTC" time="0.006" errors="0">
  <testcase name="CreditCardTest" time="0.001" classname="testNGExamples.Testcase1"/>
  <system-out/>
  <testcase name="LoanTest" time="0.004" classname="testNGExamples.Testcase1"/>
  <system-out/>
  <testcase name="LoanTest1" time="0.001" classname="testNGExamples.Testcase1"/>
  <system-out/>
</testsuite> <!-- testNGExamples.Testcase1 -->
