<?xml version="1.0" encoding="UTF-8"?>
<!-- Generated by org.testng.reporters.JUnitReportReporter -->
<testsuite hostname="ip-172-31-64-30" name="test.LoginTest" tests="1" failures="0" timestamp="17 Jul 2021 14:56:34 GMT" time="4.934" errors="0">
  <testcase name="Testcase1" time="4.934" classname="test.LoginTest"/>
</testsuite> <!-- test.LoginTest -->
